Started at Sun Feb 19 15:10:38 UTC 2023
Processing Tenant-pipeline/main
Offering Tenant-pipeline/main to Project Build Discarder
Finished at Sun Feb 19 15:10:38 UTC 2023. 1ms
Started at Sun Feb 19 16:10:38 UTC 2023
Processing Tenant-pipeline/main
Offering Tenant-pipeline/main to Project Build Discarder
Finished at Sun Feb 19 16:10:38 UTC 2023. 0ms
Started at Sun Feb 19 17:10:38 UTC 2023
Processing Tenant-pipeline/main
Offering Tenant-pipeline/main to Project Build Discarder
Finished at Sun Feb 19 17:10:38 UTC 2023. 0ms
Started at Sun Feb 19 18:10:38 UTC 2023
Processing Tenant-pipeline/main
Offering Tenant-pipeline/main to Project Build Discarder
Finished at Sun Feb 19 18:10:38 UTC 2023. 0ms
Started at Sun Feb 19 19:10:38 UTC 2023
Processing Tenant-pipeline/main
Offering Tenant-pipeline/main to Project Build Discarder
Finished at Sun Feb 19 19:10:38 UTC 2023. 0ms
Started at Sun Feb 19 20:10:38 UTC 2023
Processing Tenant-pipeline/main
Offering Tenant-pipeline/main to Project Build Discarder
Finished at Sun Feb 19 20:10:38 UTC 2023. 0ms
Started at Sun Feb 19 21:10:38 UTC 2023
Processing Tenant-pipeline/main
Offering Tenant-pipeline/main to Project Build Discarder
Finished at Sun Feb 19 21:10:38 UTC 2023. 0ms
Started at Sun Feb 19 22:10:38 UTC 2023
Processing Tenant-pipeline/main
Offering Tenant-pipeline/main to Project Build Discarder
Finished at Sun Feb 19 22:10:38 UTC 2023. 0ms
Started at Sun Feb 19 23:10:38 UTC 2023
Processing Tenant-pipeline/main
Offering Tenant-pipeline/main to Project Build Discarder
Finished at Sun Feb 19 23:10:38 UTC 2023. 0ms
Started at Mon Feb 20 00:10:38 UTC 2023
Processing Tenant-pipeline/main
Offering Tenant-pipeline/main to Project Build Discarder
Finished at Mon Feb 20 00:10:38 UTC 2023. 0ms
Started at Mon Feb 20 01:10:38 UTC 2023
Processing Tenant-pipeline/main
Offering Tenant-pipeline/main to Project Build Discarder
Finished at Mon Feb 20 01:10:38 UTC 2023. 0ms
Started at Mon Feb 20 02:10:38 UTC 2023
Processing Tenant-pipeline/main
Offering Tenant-pipeline/main to Project Build Discarder
Finished at Mon Feb 20 02:10:38 UTC 2023. 0ms
Started at Mon Feb 20 03:10:38 UTC 2023
Processing Tenant-pipeline/main
Offering Tenant-pipeline/main to Project Build Discarder
Finished at Mon Feb 20 03:10:38 UTC 2023. 0ms
Started at Mon Feb 20 04:10:38 UTC 2023
Processing Tenant-pipeline/main
Offering Tenant-pipeline/main to Project Build Discarder
Finished at Mon Feb 20 04:10:38 UTC 2023. 0ms
Started at Mon Feb 20 05:10:38 UTC 2023
Processing Tenant-pipeline/main
Offering Tenant-pipeline/main to Project Build Discarder
Finished at Mon Feb 20 05:10:38 UTC 2023. 0ms
Started at Mon Feb 20 06:10:38 UTC 2023
Processing Tenant-pipeline/main
Offering Tenant-pipeline/main to Project Build Discarder
Finished at Mon Feb 20 06:10:38 UTC 2023. 0ms
Started at Mon Feb 20 07:10:38 UTC 2023
Processing Tenant-pipeline/main
Offering Tenant-pipeline/main to Project Build Discarder
Finished at Mon Feb 20 07:10:38 UTC 2023. 0ms
Started at Mon Feb 20 08:10:38 UTC 2023
Processing Tenant-pipeline/main
Offering Tenant-pipeline/main to Project Build Discarder
Finished at Mon Feb 20 08:10:38 UTC 2023. 0ms
Started at Mon Feb 20 09:10:38 UTC 2023
Processing Tenant-pipeline/main
Offering Tenant-pipeline/main to Project Build Discarder
Finished at Mon Feb 20 09:10:38 UTC 2023. 0ms
Started at Mon Feb 20 10:10:38 UTC 2023
Processing Tenant-pipeline/main
Offering Tenant-pipeline/main to Project Build Discarder
Finished at Mon Feb 20 10:10:38 UTC 2023. 0ms
Started at Mon Feb 20 11:10:38 UTC 2023
Processing Tenant-pipeline/main
Offering Tenant-pipeline/main to Project Build Discarder
Finished at Mon Feb 20 11:10:38 UTC 2023. 0ms
Started at Mon Feb 20 12:10:38 UTC 2023
Processing Tenant-pipeline/main
Offering Tenant-pipeline/main to Project Build Discarder
Finished at Mon Feb 20 12:10:38 UTC 2023. 0ms
Started at Mon Feb 20 13:10:38 UTC 2023
Processing Tenant-pipeline/main
Offering Tenant-pipeline/main to Project Build Discarder
Finished at Mon Feb 20 13:10:38 UTC 2023. 0ms
Started at Mon Feb 20 14:10:38 UTC 2023
Processing Tenant-pipeline/main
Offering Tenant-pipeline/main to Project Build Discarder
Finished at Mon Feb 20 14:10:38 UTC 2023. 0ms
